<?xml version="1.0" encoding="UTF-8"?>
<testng-results skipped="0" failed="0" ignored="0" total="1" passed="1">
  <reporter-output>
  </reporter-output>
  <suite name="Default suite" duration-ms="9058" started-at="2020-06-24T22:52:56 EDT" finished-at="2020-06-24T22:53:05 EDT">
    <groups>
    </groups>
    <test name="Default test" duration-ms="9058" started-at="2020-06-24T22:52:56 EDT" finished-at="2020-06-24T22:53:05 EDT">
      <class name="Report.ExtendReport.ExtentReportDemoTest">
        <test-method status="PASS" signature="config()[pri:0, instance:Report.ExtendReport.ExtentReportDemoTest@2a17b7b6]" name="config" is-config="true" duration-ms="290" started-at="2020-06-24T22:52:56 EDT" finished-at="2020-06-24T22:52:57 EDT">
          <reporter-output>
          </reporter-output>
        </test-method> <!-- config -->
        <test-method status="PASS" signature="googleHomePage()[pri:0, instance:Report.ExtendReport.ExtentReportDemoTest@2a17b7b6]" name="googleHomePage" duration-ms="8688" started-at="2020-06-24T22:52:57 EDT" finished-at="2020-06-24T22:53:05 EDT">
          <reporter-output>
          </reporter-output>
        </test-method> <!-- googleHomePage -->
      </class> <!-- Report.ExtendReport.ExtentReportDemoTest -->
    </test> <!-- Default test -->
  </suite> <!-- Default suite -->
</testng-results>
